0 info it worked if it ends with ok
1 verbose cli [ '/usr/local/bin/node', '/usr/local/bin/npm', 'publish' ]
2 info using npm@1.3.11
3 info using node@v0.10.21
4 verbose publish [ '.' ]
5 verbose cache add [ '.', null ]
6 verbose cache add name=undefined spec="." args=[".",null]
7 verbose parsed url { protocol: null,
7 verbose parsed url   slashes: null,
7 verbose parsed url   auth: null,
7 verbose parsed url   host: null,
7 verbose parsed url   port: null,
7 verbose parsed url   hostname: null,
7 verbose parsed url   hash: null,
7 verbose parsed url   search: null,
7 verbose parsed url   query: null,
7 verbose parsed url   pathname: '.',
7 verbose parsed url   path: '.',
7 verbose parsed url   href: '.' }
8 silly lockFile 3a52ce78- .
9 verbose lock . /Users/ben/.npm/3a52ce78-.lock
10 verbose tar pack [ '/var/folders/6k/8s5lxshx25sfb92j0bqdy3qr0000gn/T/npm-4910-QsaLH8CS/1396835293019-0.2592445348855108/tmp.tgz',
10 verbose tar pack   '.' ]
11 verbose tarball /var/folders/6k/8s5lxshx25sfb92j0bqdy3qr0000gn/T/npm-4910-QsaLH8CS/1396835293019-0.2592445348855108/tmp.tgz
12 verbose folder .
13 silly lockFile 1f1177db-tar tar://.
14 verbose lock tar://. /Users/ben/.npm/1f1177db-tar.lock
15 silly lockFile 1820040a-93019-0-2592445348855108-tmp-tgz tar:///var/folders/6k/8s5lxshx25sfb92j0bqdy3qr0000gn/T/npm-4910-QsaLH8CS/1396835293019-0.2592445348855108/tmp.tgz
16 verbose lock tar:///var/folders/6k/8s5lxshx25sfb92j0bqdy3qr0000gn/T/npm-4910-QsaLH8CS/1396835293019-0.2592445348855108/tmp.tgz /Users/ben/.npm/1820040a-93019-0-2592445348855108-tmp-tgz.lock
17 silly lockFile 1f1177db-tar tar://.
18 silly lockFile 1f1177db-tar tar://.
19 silly lockFile 1820040a-93019-0-2592445348855108-tmp-tgz tar:///var/folders/6k/8s5lxshx25sfb92j0bqdy3qr0000gn/T/npm-4910-QsaLH8CS/1396835293019-0.2592445348855108/tmp.tgz
20 silly lockFile 1820040a-93019-0-2592445348855108-tmp-tgz tar:///var/folders/6k/8s5lxshx25sfb92j0bqdy3qr0000gn/T/npm-4910-QsaLH8CS/1396835293019-0.2592445348855108/tmp.tgz
21 verbose tar unpack /var/folders/6k/8s5lxshx25sfb92j0bqdy3qr0000gn/T/npm-4910-QsaLH8CS/1396835293019-0.2592445348855108/tmp.tgz
22 silly lockFile ac44651b-93019-0-2592445348855108-package tar:///var/folders/6k/8s5lxshx25sfb92j0bqdy3qr0000gn/T/npm-4910-QsaLH8CS/1396835293019-0.2592445348855108/package
23 verbose lock tar:///var/folders/6k/8s5lxshx25sfb92j0bqdy3qr0000gn/T/npm-4910-QsaLH8CS/1396835293019-0.2592445348855108/package /Users/ben/.npm/ac44651b-93019-0-2592445348855108-package.lock
24 silly lockFile 1820040a-93019-0-2592445348855108-tmp-tgz tar:///var/folders/6k/8s5lxshx25sfb92j0bqdy3qr0000gn/T/npm-4910-QsaLH8CS/1396835293019-0.2592445348855108/tmp.tgz
25 verbose lock tar:///var/folders/6k/8s5lxshx25sfb92j0bqdy3qr0000gn/T/npm-4910-QsaLH8CS/1396835293019-0.2592445348855108/tmp.tgz /Users/ben/.npm/1820040a-93019-0-2592445348855108-tmp-tgz.lock
26 silly gunzTarPerm modes [ '755', '644' ]
27 silly gunzTarPerm extractEntry package.json
28 silly gunzTarPerm extractEntry .npmignore
29 silly gunzTarPerm extractEntry README.md
30 silly gunzTarPerm extractEntry gulpfile.js
31 silly gunzTarPerm extractEntry jray.min.js
32 silly gunzTarPerm extractEntry assets/css/jray.styl
33 silly gunzTarPerm extractEntry assets/js/jray.coffee
34 silly gunzTarPerm extractEntry assets/views/jray.jade
35 silly gunzTarPerm extractEntry examples/index.html
36 silly gunzTarPerm extractEntry examples/jray.gif
37 silly gunzTarPerm extractEntry examples/scripts/four.js
38 silly gunzTarPerm extractEntry examples/scripts/one.js
39 silly gunzTarPerm extractEntry examples/scripts/three.js
40 silly gunzTarPerm extractEntry examples/scripts/two.js
41 silly gunzTarPerm extractEntry lib/gulpfile.coffee
42 silly gunzTarPerm extractEntry vendor/angular.min.js
43 silly gunzTarPerm extractEntry vendor/escodegen.browser.js
44 silly gunzTarPerm extractEntry vendor/esprima.js
45 silly gunzTarPerm extractEntry vendor/instrumenter.js
46 silly gunzTarPerm extractEntry jray.css
47 silly lockFile ac44651b-93019-0-2592445348855108-package tar:///var/folders/6k/8s5lxshx25sfb92j0bqdy3qr0000gn/T/npm-4910-QsaLH8CS/1396835293019-0.2592445348855108/package
48 silly lockFile ac44651b-93019-0-2592445348855108-package tar:///var/folders/6k/8s5lxshx25sfb92j0bqdy3qr0000gn/T/npm-4910-QsaLH8CS/1396835293019-0.2592445348855108/package
49 silly lockFile 1820040a-93019-0-2592445348855108-tmp-tgz tar:///var/folders/6k/8s5lxshx25sfb92j0bqdy3qr0000gn/T/npm-4910-QsaLH8CS/1396835293019-0.2592445348855108/tmp.tgz
50 silly lockFile 1820040a-93019-0-2592445348855108-tmp-tgz tar:///var/folders/6k/8s5lxshx25sfb92j0bqdy3qr0000gn/T/npm-4910-QsaLH8CS/1396835293019-0.2592445348855108/tmp.tgz
51 verbose tar pack [ '/Users/ben/.npm/jray/0.0.1/package.tgz',
51 verbose tar pack   '/var/folders/6k/8s5lxshx25sfb92j0bqdy3qr0000gn/T/npm-4910-QsaLH8CS/1396835293019-0.2592445348855108/package' ]
52 verbose tarball /Users/ben/.npm/jray/0.0.1/package.tgz
53 verbose folder /var/folders/6k/8s5lxshx25sfb92j0bqdy3qr0000gn/T/npm-4910-QsaLH8CS/1396835293019-0.2592445348855108/package
54 silly lockFile ac44651b-93019-0-2592445348855108-package tar:///var/folders/6k/8s5lxshx25sfb92j0bqdy3qr0000gn/T/npm-4910-QsaLH8CS/1396835293019-0.2592445348855108/package
55 verbose lock tar:///var/folders/6k/8s5lxshx25sfb92j0bqdy3qr0000gn/T/npm-4910-QsaLH8CS/1396835293019-0.2592445348855108/package /Users/ben/.npm/ac44651b-93019-0-2592445348855108-package.lock
56 silly lockFile 21141957-s-ben-npm-jray-0-0-1-package-tgz tar:///Users/ben/.npm/jray/0.0.1/package.tgz
57 verbose lock tar:///Users/ben/.npm/jray/0.0.1/package.tgz /Users/ben/.npm/21141957-s-ben-npm-jray-0-0-1-package-tgz.lock
58 silly lockFile ac44651b-93019-0-2592445348855108-package tar:///var/folders/6k/8s5lxshx25sfb92j0bqdy3qr0000gn/T/npm-4910-QsaLH8CS/1396835293019-0.2592445348855108/package
59 silly lockFile ac44651b-93019-0-2592445348855108-package tar:///var/folders/6k/8s5lxshx25sfb92j0bqdy3qr0000gn/T/npm-4910-QsaLH8CS/1396835293019-0.2592445348855108/package
60 silly lockFile 21141957-s-ben-npm-jray-0-0-1-package-tgz tar:///Users/ben/.npm/jray/0.0.1/package.tgz
61 silly lockFile 21141957-s-ben-npm-jray-0-0-1-package-tgz tar:///Users/ben/.npm/jray/0.0.1/package.tgz
62 silly lockFile 8229d656-Users-ben-npm-jray-0-0-1-package /Users/ben/.npm/jray/0.0.1/package
63 verbose lock /Users/ben/.npm/jray/0.0.1/package /Users/ben/.npm/8229d656-Users-ben-npm-jray-0-0-1-package.lock
64 silly lockFile 8229d656-Users-ben-npm-jray-0-0-1-package /Users/ben/.npm/jray/0.0.1/package
65 silly lockFile 8229d656-Users-ben-npm-jray-0-0-1-package /Users/ben/.npm/jray/0.0.1/package
66 verbose tar unpack /Users/ben/.npm/jray/0.0.1/package.tgz
67 silly lockFile 106aec3f-Users-ben-npm-jray-0-0-1-package tar:///Users/ben/.npm/jray/0.0.1/package
68 verbose lock tar:///Users/ben/.npm/jray/0.0.1/package /Users/ben/.npm/106aec3f-Users-ben-npm-jray-0-0-1-package.lock
69 silly lockFile 21141957-s-ben-npm-jray-0-0-1-package-tgz tar:///Users/ben/.npm/jray/0.0.1/package.tgz
70 verbose lock tar:///Users/ben/.npm/jray/0.0.1/package.tgz /Users/ben/.npm/21141957-s-ben-npm-jray-0-0-1-package-tgz.lock
71 silly gunzTarPerm modes [ '755', '644' ]
72 silly gunzTarPerm extractEntry package.json
73 silly gunzTarPerm extractEntry .npmignore
74 silly gunzTarPerm extractEntry README.md
75 silly gunzTarPerm extractEntry gulpfile.js
76 silly gunzTarPerm extractEntry jray.min.js
77 silly gunzTarPerm extractEntry assets/css/jray.styl
78 silly gunzTarPerm extractEntry assets/js/jray.coffee
79 silly gunzTarPerm extractEntry assets/views/jray.jade
80 silly gunzTarPerm extractEntry examples/index.html
81 silly gunzTarPerm extractEntry examples/jray.gif
82 silly gunzTarPerm extractEntry examples/scripts/four.js
83 silly gunzTarPerm extractEntry examples/scripts/one.js
84 silly gunzTarPerm extractEntry examples/scripts/three.js
85 silly gunzTarPerm extractEntry examples/scripts/two.js
86 silly gunzTarPerm extractEntry jray.css
87 silly gunzTarPerm extractEntry lib/gulpfile.coffee
88 silly gunzTarPerm extractEntry vendor/angular.min.js
89 silly gunzTarPerm extractEntry vendor/escodegen.browser.js
90 silly gunzTarPerm extractEntry vendor/esprima.js
91 silly gunzTarPerm extractEntry vendor/instrumenter.js
92 silly lockFile 106aec3f-Users-ben-npm-jray-0-0-1-package tar:///Users/ben/.npm/jray/0.0.1/package
93 silly lockFile 106aec3f-Users-ben-npm-jray-0-0-1-package tar:///Users/ben/.npm/jray/0.0.1/package
94 silly lockFile 21141957-s-ben-npm-jray-0-0-1-package-tgz tar:///Users/ben/.npm/jray/0.0.1/package.tgz
95 silly lockFile 21141957-s-ben-npm-jray-0-0-1-package-tgz tar:///Users/ben/.npm/jray/0.0.1/package.tgz
96 verbose chmod /Users/ben/.npm/jray/0.0.1/package.tgz 644
97 verbose chown /Users/ben/.npm/jray/0.0.1/package.tgz [ 501, 20 ]
98 silly lockFile 3a52ce78- .
99 silly lockFile 3a52ce78- .
100 silly publish { name: 'jray',
100 silly publish   version: '0.0.1',
100 silly publish   description: 'watch your javascript running in real time',
100 silly publish   main: 'index.js',
100 silly publish   dependencies:
100 silly publish    { 'coffee-script': '~1.7.1',
100 silly publish      jade: '~1.3.0',
100 silly publish      gulp: '~3.5.6',
100 silly publish      'gulp-ngmin': '~0.1.2',
100 silly publish      'gulp-coffee': '~1.4.1',
100 silly publish      'gulp-concat': '~2.2.0',
100 silly publish      'gulp-stylus': '~0.1.0',
100 silly publish      'gulp-uglify': '~0.2.1',
100 silly publish      'gulp-connect': '~2.0.4',
100 silly publish      'gulp-jade': '~0.4.2',
100 silly publish      streamqueue: '0.0.6',
100 silly publish      'gulp-angular-templatecache': '~1.1.1' },
100 silly publish   author: '',
100 silly publish   scripts: { test: 'echo "Yeah... about that." && exit 1' },
100 silly publish   repository: { type: 'git', url: 'git://github.com/bwiklund/jray.git' },
100 silly publish   license: 'BSD',
100 silly publish   bugs: { url: 'https://github.com/bwiklund/jray/issues' },
100 silly publish   readme: '# jray\n\nWatch your code run in real time\n\n![jray example](https://raw.github.com/bwiklund/jray/master/examples/jray.gif)\n\nA work in progress. Built with istanbul and angularjs.\n\nTo use without requirejs, include jray\'s js and css, and then change your script tags to `type="text/jray"`\n\n```html\n<link rel="stylesheet" href="jray.css">\n<script src="jray.min.js"></script>\n\n<script type="text/jray" src="scripts/one.js"></script>\n<script type="text/jray" src="scripts/two.js"></script>\n<script type="text/jray" src="scripts/three.js"></script>\n<script type="text/jray" src="scripts/four.js"></script>\n```\n\n# Development\n\nTODO:\n\n- requirejs plugin\n- slideout from the side/top\n- paginate script lines\n- move UI to iframe to avoid collisions with other versions of angular\n- support more ui modes (fade/add/etc)\n- other color schemes\n- node support???\n\nBug tickets and pull requests are extremely welcome.\n\nTo build:\n\n```\nnpm install\ngulp dev\n```\n',
100 silly publish   readmeFilename: 'README.md',
100 silly publish   _id: 'jray@0.0.1',
100 silly publish   dist: { shasum: '15a6bf62f90755662c29e0a2e23537dfe82f017a' },
100 silly publish   _from: '.' }
101 verbose url raw jray
102 verbose url resolving [ 'http://registry.npmjs.org/', './jray' ]
103 verbose url resolved http://registry.npmjs.org/jray
104 info trying registry request attempt 1 at 18:48:13
105 http PUT http://registry.npmjs.org/jray
106 http 403 http://registry.npmjs.org/jray
107 info trying registry request attempt 1 at 18:48:14
108 http PUT http://registry.npmjs.org/jray
109 http 201 http://registry.npmjs.org/jray
110 verbose url raw jray
111 verbose url resolving [ 'http://registry.npmjs.org/', './jray' ]
112 verbose url resolved http://registry.npmjs.org/jray
113 info trying registry request attempt 1 at 18:48:15
114 http GET http://registry.npmjs.org/jray
115 http 404 http://registry.npmjs.org/jray
116 error 404 'jray' is not in the npm registry.
116 error 404 You should bug the author to publish it
116 error 404
116 error 404 Note that you can also install from a
116 error 404 tarball, folder, or http url, or git url.
117 error System Darwin 13.1.0
118 error command "/usr/local/bin/node" "/usr/local/bin/npm" "publish"
119 error cwd /Users/ben/code/jray
120 error node -v v0.10.21
121 error npm -v 1.3.11
122 error code E404
123 verbose exit [ 1, true ]
